<?xml version="1.0" encoding="UTF-8"?>
<!-- Generated by org.testng.reporters.JUnitReportReporter -->
<testsuite hostname="DESKTOP-6BUO763" failures="0" tests="5" name="TestPack.Start3" time="0.028" errors="0" timestamp="2021-12-28T07:17:12 IST" skipped="0">
  <testcase classname="TestPack.Start3" name="WebLoginCarLoan" time="0.004"/>
  <system-out/>
  <testcase classname="TestPack.Start3" name="LoginAPICarLoan" time="0.005"/>
  <system-out/>
  <testcase classname="TestPack.Start3" name="WebLoginCarLoan" time="0.010"/>
  <system-out/>
  <testcase classname="TestPack.Start3" name="WebLoginCarLoan" time="0.003"/>
  <system-out/>
  <testcase classname="TestPack.Start3" name="MobileLoginCarLoan" time="0.006"/>
  <system-out/>
</testsuite> <!-- TestPack.Start3 -->
