<?xml version="1.0" encoding="UTF-8"?>
<!-- Generated by org.testng.reporters.JUnitReportReporter -->
<testsuite hostname="DESKTOP-6BUO763" failures="0" tests="3" name="TestPack.Start4" time="0.026" errors="0" timestamp="2022-01-27T19:41:34 IST" skipped="0">
  <testcase classname="TestPack.Start4" name="LoginAPIHomeLoan" time="0.020"/>
  <system-out/>
  <testcase classname="TestPack.Start4" name="WebLoginHomeLoan" time="0.003"/>
  <system-out/>
  <testcase classname="TestPack.Start4" name="MobileLoginHomeLoan" time="0.003"/>
  <system-out/>
</testsuite> <!-- TestPack.Start4 -->
